<?xml version="1.0" encoding="UTF-8"?>
<testng-results skipped="0" failed="0" ignored="0" total="1" passed="1">
  <reporter-output>
  </reporter-output>
  <suite name="Default suite" duration-ms="9904" started-at="2021-03-21T22:08:44 EDT" finished-at="2021-03-21T22:08:54 EDT">
    <groups>
    </groups>
    <test name="Default test" duration-ms="9904" started-at="2021-03-21T22:08:44 EDT" finished-at="2021-03-21T22:08:54 EDT">
      <class name="test.AddCategoryTest">
        <test-method status="PASS" signature="UserShouldAddCategory()[pri:0, instance:test.AddCategoryTest@4f063c0a]" name="UserShouldAddCategory" duration-ms="9145" started-at="2021-03-21T22:08:44 EDT" finished-at="2021-03-21T22:08:53 EDT">
          <reporter-output>
          </reporter-output>
        </test-method> <!-- UserShouldAddCategory -->
        <test-method status="PASS" signature="teardown()[pri:0, instance:test.AddCategoryTest@4f063c0a]" name="teardown" is-config="true" duration-ms="719" started-at="2021-03-21T22:08:53 EDT" finished-at="2021-03-21T22:08:54 EDT">
          <reporter-output>
          </reporter-output>
        </test-method> <!-- teardown -->
      </class> <!-- test.AddCategoryTest -->
    </test> <!-- Default test -->
  </suite> <!-- Default suite -->
</testng-results>
